# JRE version: OpenJDK Runtime Environment (8.0_242-b01) (build 1.8.0_242-release-1644-b01)
# Java VM: OpenJDK 64-Bit Server VM (25.242-b01 mixed mode windows-amd64 compressed oops)
Heap:
 PSYoungGen      total 293376K, used 268476K [0x00000000d5580000, 0x00000000eba80000, 0x0000000100000000)
  eden space 246272K, 100% used [0x00000000d5580000,0x00000000e4600000,0x00000000e4600000)
  from space 47104K, 47% used [0x00000000e4600000,0x00000000e5baf390,0x00000000e7400000)
  to   space 45568K, 85% used [0x00000000e8e00000,0x00000000eb41b6c0,0x00000000eba80000)
 ParOldGen       total 714240K, used 567743K [0x0000000080000000, 0x00000000ab980000, 0x00000000d5580000)
  object space 714240K, 79% used [0x0000000080000000,0x00000000a2a6ff00,0x00000000ab980000)
 Metaspace       used 84881K, capacity 93728K, committed 93952K, reserved 1128448K
  class space    used 11644K, capacity 14000K, committed 14080K, reserved 1048576K
GC Heap History (10 events):
Event: 80.942 GC heap after
Heap after GC invocations=29 (full 3):
 PSYoungGen      total 241152K, used 25655K [0x00000000d5580000, 0x00000000e6780000, 0x0000000100000000)
  eden space 210944K, 0% used [0x00000000d5580000,0x00000000d5580000,0x00000000e2380000)
  from space 30208K, 84% used [0x00000000e4400000,0x00000000e5d0dda8,0x00000000e6180000)
  to   space 33280K, 0% used [0x00000000e2380000,0x00000000e2380000,0x00000000e4400000)
 ParOldGen       total 143872K, used 87140K [0x0000000080000000, 0x0000000088c80000, 0x00000000d5580000)
  object space 143872K, 60% used [0x0000000080000000,0x0000000085519390,0x0000000088c80000)
 Metaspace       used 74886K, capacity 82206K, committed 82432K, reserved 1120256K
  class space    used 10330K, capacity 12495K, committed 12544K, reserved 1048576K
}
Event: 86.930 GC heap before
{Heap before GC invocations=30 (full 3):
 PSYoungGen      total 241152K, used 236599K [0x00000000d5580000, 0x00000000e6780000, 0x0000000100000000)
  eden space 210944K, 100% used [0x00000000d5580000,0x00000000e2380000,0x00000000e2380000)
  from space 30208K, 84% used [0x00000000e4400000,0x00000000e5d0dda8,0x00000000e6180000)
  to   space 33280K, 0% used [0x00000000e2380000,0x00000000e2380000,0x00000000e4400000)
 ParOldGen       total 143872K, used 87140K [0x0000000080000000, 0x0000000088c80000, 0x00000000d5580000)
  object space 143872K, 60% used [0x0000000080000000,0x0000000085519390,0x0000000088c80000)
 Metaspace       used 78917K, capacity 87182K, committed 87296K, reserved 1124352K
  class space    used 10938K, capacity 13201K, committed 13312K, reserved 1048576K
Event: 87.013 GC heap after
Heap after GC invocations=30 (full 3):
 PSYoungGen      total 244224K, used 33258K [0x00000000d5580000, 0x00000000ea400000, 0x0000000100000000)
  eden space 210944K, 0% used [0x00000000d5580000,0x00000000d5580000,0x00000000e2380000)
  from space 33280K, 99% used [0x00000000e2380000,0x00000000e43faa50,0x00000000e4400000)
  to   space 49152K, 0% used [0x00000000e7400000,0x00000000e7400000,0x00000000ea400000)
 ParOldGen       total 143872K, used 117214K [0x0000000080000000, 0x0000000088c80000, 0x00000000d5580000)
  object space 143872K, 81% used [0x0000000080000000,0x0000000087277a48,0x0000000088c80000)
 Metaspace       used 78917K, capacity 87182K, committed 87296K, reserved 1124352K
  class space    used 10938K, capacity 13201K, committed 13312K, reserved 1048576K
}
Event: 90.819 GC heap before
{Heap before GC invocations=31 (full 3):
 PSYoungGen      total 244224K, used 244202K [0x00000000d5580000, 0x00000000ea400000, 0x0000000100000000)
  eden space 210944K, 100% used [0x00000000d5580000,0x00000000e2380000,0x00000000e2380000)
  from space 33280K, 99% used [0x00000000e2380000,0x00000000e43faa50,0x00000000e4400000)
  to   space 49152K, 0% used [0x00000000e7400000,0x00000000e7400000,0x00000000ea400000)
 ParOldGen       total 143872K, used 117214K [0x0000000080000000, 0x0000000088c80000, 0x00000000d5580000)
  object space 143872K, 81% used [0x0000000080000000,0x0000000087277a48,0x0000000088c80000)
 Metaspace       used 78921K, capacity 87182K, committed 87296K, reserved 1124352K
  class space    used 10939K, capacity 13201K, committed 13312K, reserved 1048576K
Event: 90.920 GC heap after
Heap after GC invocations=31 (full 3):
 PSYoungGen      total 294912K, used 15296K [0x00000000d5580000, 0x00000000ea380000, 0x0000000100000000)
  eden space 246272K, 0% used [0x00000000d5580000,0x00000000d5580000,0x00000000e4600000)
  from space 48640K, 31% used [0x00000000e7400000,0x00000000e82f00c0,0x00000000ea380000)
  to   space 47104K, 0% used [0x00000000e4600000,0x00000000e4600000,0x00000000e7400000)
 ParOldGen       total 151040K, used 150564K [0x0000000080000000, 0x0000000089380000, 0x00000000d5580000)
  object space 151040K, 99% used [0x0000000080000000,0x00000000893093f8,0x0000000089380000)
 Metaspace       used 78921K, capacity 87182K, committed 87296K, reserved 1124352K
  class space    used 10939K, capacity 13201K, committed 13312K, reserved 1048576K
}
Event: 90.920 GC heap before
{Heap before GC invocations=32 (full 4):
 PSYoungGen      total 294912K, used 15296K [0x00000000d5580000, 0x00000000ea380000, 0x0000000100000000)
  eden space 246272K, 0% used [0x00000000d5580000,0x00000000d5580000,0x00000000e4600000)
  from space 48640K, 31% used [0x00000000e7400000,0x00000000e82f00c0,0x00000000ea380000)
  to   space 47104K, 0% used [0x00000000e4600000,0x00000000e4600000,0x00000000e7400000)
 ParOldGen       total 151040K, used 150564K [0x0000000080000000, 0x0000000089380000, 0x00000000d5580000)
  object space 151040K, 99% used [0x0000000080000000,0x00000000893093f8,0x0000000089380000)
 Metaspace       used 78921K, capacity 87182K, committed 87296K, reserved 1124352K
  class space    used 10939K, capacity 13201K, committed 13312K, reserved 1048576K
Event: 92.297 GC heap after
Heap after GC invocations=32 (full 4):
 PSYoungGen      total 294912K, used 0K [0x00000000d5580000, 0x00000000ea380000, 0x0000000100000000)
  eden space 246272K, 0% used [0x00000000d5580000,0x00000000d5580000,0x00000000e4600000)
  from space 48640K, 0% used [0x00000000e7400000,0x00000000e7400000,0x00000000ea380000)
  to   space 47104K, 0% used [0x00000000e4600000,0x00000000e4600000,0x00000000e7400000)
 ParOldGen       total 286720K, used 140564K [0x0000000080000000, 0x0000000091800000, 0x00000000d5580000)
  object space 286720K, 49% used [0x0000000080000000,0x0000000088945220,0x0000000091800000)
 Metaspace       used 78911K, capacity 87152K, committed 87296K, reserved 1124352K
  class space    used 10936K, capacity 13196K, committed 13312K, reserved 1048576K
}
Event: 110.489 GC heap before
{Heap before GC invocations=33 (full 4):
 PSYoungGen      total 294912K, used 246272K [0x00000000d5580000, 0x00000000ea380000, 0x0000000100000000)
  eden space 246272K, 100% used [0x00000000d5580000,0x00000000e4600000,0x00000000e4600000)
  from space 48640K, 0% used [0x00000000e7400000,0x00000000e7400000,0x00000000ea380000)
  to   space 47104K, 0% used [0x00000000e4600000,0x00000000e4600000,0x00000000e7400000)
 ParOldGen       total 286720K, used 140564K [0x0000000080000000, 0x0000000091800000, 0x00000000d5580000)
  object space 286720K, 49% used [0x0000000080000000,0x0000000088945220,0x0000000091800000)
 Metaspace       used 83402K, capacity 91866K, committed 92160K, reserved 1128448K
  class space    used 11507K, capacity 13815K, committed 13824K, reserved 1048576K
Event: 110.523 GC heap after
Heap after GC invocations=33 (full 4):
 PSYoungGen      total 293376K, used 22204K [0x00000000d5580000, 0x00000000eba80000, 0x0000000100000000)
  eden space 246272K, 0% used [0x00000000d5580000,0x00000000d5580000,0x00000000e4600000)
  from space 47104K, 47% used [0x00000000e4600000,0x00000000e5baf390,0x00000000e7400000)
  to   space 45568K, 0% used [0x00000000e8e00000,0x00000000e8e00000,0x00000000eba80000)
 ParOldGen       total 286720K, used 140572K [0x0000000080000000, 0x0000000091800000, 0x00000000d5580000)
  object space 286720K, 49% used [0x0000000080000000,0x0000000088947220,0x0000000091800000)
 Metaspace       used 83402K, capacity 91866K, committed 92160K, reserved 1128448K
  class space    used 11507K, capacity 13815K, committed 13824K, reserved 1048576K
}
Event: 128.091 GC heap before
{Heap before GC invocations=34 (full 4):
 PSYoungGen      total 293376K, used 268476K [0x00000000d5580000, 0x00000000eba80000, 0x0000000100000000)
  eden space 246272K, 100% used [0x00000000d5580000,0x00000000e4600000,0x00000000e4600000)
  from space 47104K, 47% used [0x00000000e4600000,0x00000000e5baf390,0x00000000e7400000)
  to   space 45568K, 0% used [0x00000000e8e00000,0x00000000e8e00000,0x00000000eba80000)
 ParOldGen       total 286720K, used 140572K [0x0000000080000000, 0x0000000091800000, 0x00000000d5580000)
  object space 286720K, 49% used [0x0000000080000000,0x0000000088947220,0x0000000091800000)
 Metaspace       used 84881K, capacity 93728K, committed 93952K, reserved 1128448K
  class space    used 11644K, capacity 14000K, committed 14080K, reserved 1048576K

